e:\03. 연구\1. project\2016\바른체형연구소\1. code\15차 _ final\sourcecode_11_08_2016\footshapeanalysis\debug\vc120.pdb
e:\03. 연구\1. project\2016\바른체형연구소\1. code\15차 _ final\sourcecode_11_08_2016\footshapeanalysis\include\loadcellkalmanfilter.obj
e:\03. 연구\1. project\2016\바른체형연구소\1. code\15차 _ final\sourcecode_11_08_2016\footshapeanalysis\debug\generatedfiles\debug\moc_mainwindow.obj
e:\03. 연구\1. project\2016\바른체형연구소\1. code\15차 _ final\sourcecode_11_08_2016\footshapeanalysis\debug\generatedfiles\debug\moc_logviewer.obj
e:\03. 연구\1. project\2016\바른체형연구소\1. code\15차 _ final\sourcecode_11_08_2016\footshapeanalysis\debug\generatedfiles\debug\moc_imgview.obj
e:\03. 연구\1. project\2016\바른체형연구소\1. code\15차 _ final\sourcecode_11_08_2016\footshapeanalysis\debug\generatedfiles\debug\moc_imagescanner.obj
e:\03. 연구\1. project\2016\바른체형연구소\1. code\15차 _ final\sourcecode_11_08_2016\footshapeanalysis\debug\generatedfiles\debug\moc_ibackgroundworker.obj
e:\03. 연구\1. project\2016\바른체형연구소\1. code\15차 _ final\sourcecode_11_08_2016\footshapeanalysis\debug\generatedfiles\qrc_mainwindow.obj
e:\03. 연구\1. project\2016\바른체형연구소\1. code\15차 _ final\sourcecode_11_08_2016\footshapeanalysis\debug\_twain.obj
e:\03. 연구\1. project\2016\바른체형연구소\1. code\15차 _ final\sourcecode_11_08_2016\footshapeanalysis\debug\precomp.obj
e:\03. 연구\1. project\2016\바른체형연구소\1. code\15차 _ final\sourcecode_11_08_2016\footshapeanalysis\debug\segment_lib.obj
e:\03. 연구\1. project\2016\바른체형연구소\1. code\15차 _ final\sourcecode_11_08_2016\footshapeanalysis\debug\mainwindow.obj
e:\03. 연구\1. project\2016\바른체형연구소\1. code\15차 _ final\sourcecode_11_08_2016\footshapeanalysis\debug\main.obj
e:\03. 연구\1. project\2016\바른체형연구소\1. code\15차 _ final\sourcecode_11_08_2016\footshapeanalysis\debug\listwebcam.obj
e:\03. 연구\1. project\2016\바른체형연구소\1. code\15차 _ final\sourcecode_11_08_2016\footshapeanalysis\generatedfiles\debug\moc_mainwindow.cpp
e:\03. 연구\1. project\2016\바른체형연구소\1. code\15차 _ final\sourcecode_11_08_2016\footshapeanalysis\generatedfiles\debug\moc_ibackgroundworker.cpp
e:\03. 연구\1. project\2016\바른체형연구소\1. code\15차 _ final\sourcecode_11_08_2016\footshapeanalysis\generatedfiles\debug\moc_imagescanner.cpp
e:\03. 연구\1. project\2016\바른체형연구소\1. code\15차 _ final\sourcecode_11_08_2016\footshapeanalysis\generatedfiles\debug\moc_logviewer.cpp
e:\03. 연구\1. project\2016\바른체형연구소\1. code\15차 _ final\sourcecode_11_08_2016\footshapeanalysis\generatedfiles\debug\moc_imgview.cpp
e:\03. 연구\1. project\2016\바른체형연구소\1. code\15차 _ final\sourcecode_11_08_2016\footshapeanalysis\generatedfiles\qrc_mainwindow.cpp
e:\03. 연구\1. project\2016\바른체형연구소\1. code\15차 _ final\sourcecode_11_08_2016\footshapeanalysis\generatedfiles\ui_mainwindow.h
e:\03. 연구\1. project\2016\바른체형연구소\1. code\15차 _ final\sourcecode_11_08_2016\debug\footshapeanalysis.ilk
e:\03. 연구\1. project\2016\바른체형연구소\1. code\15차 _ final\sourcecode_11_08_2016\debug\footshapeanalysis.exe
e:\03. 연구\1. project\2016\바른체형연구소\1. code\15차 _ final\sourcecode_11_08_2016\debug\footshapeanalysis.pdb
e:\03. 연구\1. project\2016\바른체형연구소\1. code\15차 _ final\sourcecode_11_08_2016\footshapeanalysis\debug\footshapeanalysis1.res
e:\03. 연구\1. project\2016\바른체형연구소\1. code\15차 _ final\sourcecode_11_08_2016\\debug\footshapeanalysis.pdb
e:\03. 연구\1. project\2016\바른체형연구소\1. code\15차 _ final\sourcecode_11_08_2016\\debug\footshapeanalysis.exe
e:\03. 연구\1. project\2016\바른체형연구소\1. code\15차 _ final\sourcecode_11_08_2016\\debug\footshapeanalysis.ilk
e:\03. 연구\1. project\2016\바른체형연구소\1. code\15차 _ final\sourcecode_11_08_2016\footshapeanalysis\debug\footshap.b12702ad.tlog\cl.command.1.tlog
e:\03. 연구\1. project\2016\바른체형연구소\1. code\15차 _ final\sourcecode_11_08_2016\footshapeanalysis\debug\footshap.b12702ad.tlog\cl.read.1.tlog
e:\03. 연구\1. project\2016\바른체형연구소\1. code\15차 _ final\sourcecode_11_08_2016\footshapeanalysis\debug\footshap.b12702ad.tlog\cl.write.1.tlog
e:\03. 연구\1. project\2016\바른체형연구소\1. code\15차 _ final\sourcecode_11_08_2016\footshapeanalysis\debug\footshap.b12702ad.tlog\custombuild.command.1.tlog
e:\03. 연구\1. project\2016\바른체형연구소\1. code\15차 _ final\sourcecode_11_08_2016\footshapeanalysis\debug\footshap.b12702ad.tlog\custombuild.read.1.tlog
e:\03. 연구\1. project\2016\바른체형연구소\1. code\15차 _ final\sourcecode_11_08_2016\footshapeanalysis\debug\footshap.b12702ad.tlog\custombuild.write.1.tlog
e:\03. 연구\1. project\2016\바른체형연구소\1. code\15차 _ final\sourcecode_11_08_2016\footshapeanalysis\debug\footshap.b12702ad.tlog\link.command.1.tlog
e:\03. 연구\1. project\2016\바른체형연구소\1. code\15차 _ final\sourcecode_11_08_2016\footshapeanalysis\debug\footshap.b12702ad.tlog\link.read.1.tlog
e:\03. 연구\1. project\2016\바른체형연구소\1. code\15차 _ final\sourcecode_11_08_2016\footshapeanalysis\debug\footshap.b12702ad.tlog\link.write.1.tlog
e:\03. 연구\1. project\2016\바른체형연구소\1. code\15차 _ final\sourcecode_11_08_2016\footshapeanalysis\debug\footshap.b12702ad.tlog\rc.command.1.tlog
e:\03. 연구\1. project\2016\바른체형연구소\1. code\15차 _ final\sourcecode_11_08_2016\footshapeanalysis\debug\footshap.b12702ad.tlog\rc.read.1.tlog
e:\03. 연구\1. project\2016\바른체형연구소\1. code\15차 _ final\sourcecode_11_08_2016\footshapeanalysis\debug\footshap.b12702ad.tlog\rc.write.1.tlog
