Build started 7/21/2016 8:27:37 PM.
     1>Project "G:\Project2016\FootShapeAnalysis\FootShapeAnalysis\FootShapeAnalysis.vcxproj" on node 2 (Build target(s)).
     1>C:\Program Files (x86)\MSBuild\Microsoft.Cpp\v4.0\V120\Microsoft.CppBuild.targets(935,5): warning MSB8027: Two or more files with the name of moc_ImgView.cpp will produce outputs to the same location. This can lead to an incorrect build result.  The files involved are GeneratedFiles\Debug\moc_ImgView.cpp, GeneratedFiles\Release\moc_ImgView.cpp.
     1>C:\Program Files (x86)\MSBuild\Microsoft.Cpp\v4.0\V120\Microsoft.CppBuild.targets(935,5): warning MSB8027: Two or more files with the name of moc_LogViewer.cpp will produce outputs to the same location. This can lead to an incorrect build result.  The files involved are GeneratedFiles\Debug\moc_LogViewer.cpp, GeneratedFiles\Release\moc_LogViewer.cpp.
     1>C:\Program Files (x86)\MSBuild\Microsoft.Cpp\v4.0\V120\Microsoft.CppBuild.targets(935,5): warning MSB8027: Two or more files with the name of moc_mainwindow.cpp will produce outputs to the same location. This can lead to an incorrect build result.  The files involved are GeneratedFiles\Debug\moc_mainwindow.cpp, GeneratedFiles\Release\moc_mainwindow.cpp.
     1>ClCompile:
         C:\Program Files (x86)\Microsoft Visual Studio 12.0\VC\bin\CL.exe /c /IG:\Project2016\FootShapeAnalysis\Include /IG:\opencv\build\include /I.\GeneratedFiles /I. /IC:\Qt\Qt5.4.2\5.4\msvc2013_opengl\include /I.\GeneratedFiles\Debug /IC:\Qt\Qt5.4.2\5.4\msvc2013_opengl\include\QtCore /IC:\Qt\Qt5.4.2\5.4\msvc2013_opengl\include\QtGui /IC:\Qt\Qt5.4.2\5.4\msvc2013_opengl\include\QtWidgets /Zi /nologo /W1 /WX- /Od /Oy- /D UNICODE /D WIN32 /D WIN64 /D QT_DLL /D QT_CORE_LIB /D QT_GUI_LIB /D QT_WIDGETS_LIB /D _MBCS /Gm- /EHsc /MDd /GS /fp:precise /Zc:wchar_t- /Zc:forScope /Fo"Debug\\" /Fd"Debug\vc120.pdb" /Gd /TP /analyze- /errorReport:prompt GeneratedFiles\Debug\moc_ImgView.cpp GeneratedFiles\Debug\moc_LogViewer.cpp GeneratedFiles\Debug\moc_mainwindow.cpp main.cpp mainwindow.cpp
         moc_ImgView.cpp
         moc_LogViewer.cpp
         moc_mainwindow.cpp
         main.cpp
         mainwindow.cpp
         Generating Code...
         C:\Program Files (x86)\Microsoft Visual Studio 12.0\VC\bin\CL.exe /c /IG:\Project2016\FootShapeAnalysis\Include /IG:\opencv\build\include /I.\GeneratedFiles /I. /IC:\Qt\Qt5.4.2\5.4\msvc2013_opengl\include /I.\GeneratedFiles\Debug /IC:\Qt\Qt5.4.2\5.4\msvc2013_opengl\include\QtCore /IC:\Qt\Qt5.4.2\5.4\msvc2013_opengl\include\QtGui /IC:\Qt\Qt5.4.2\5.4\msvc2013_opengl\include\QtWidgets /Zi /nologo /W1 /WX- /Od /Oy- /D UNICODE /D WIN32 /D WIN64 /D QT_DLL /D QT_CORE_LIB /D QT_GUI_LIB /D QT_WIDGETS_LIB /D _MBCS /Gm- /EHsc /MDd /GS /fp:precise /Zc:wchar_t- /Zc:forScope /Fo"Debug\\" /Fd"Debug\vc120.pdb" /Gd /TP /analyze- /errorReport:prompt GeneratedFiles\qrc_mainwindow.cpp
         qrc_mainwindow.cpp
       Link:
         C:\Program Files (x86)\Microsoft Visual Studio 12.0\VC\bin\link.exe /ERRORREPORT:PROMPT /OUT:"G:\Project2016\FootShapeAnalysis\\Debug\\FootShapeAnalysis.exe" /NOLOGO /LIBPATH:G:\Project2016\FootShapeAnalysis\Lib /LIBPATH:G:\opencv\build\x86\vc12\lib /LIBPATH:C:\Qt\Qt5.4.2\5.4\msvc2013_opengl\lib phidget21.lib Driver_LIB.lib segment_LIB.lib opencv_core2411d.lib opencv_highgui2411d.lib opencv_imgproc2411d.lib opencv_contrib2411d.lib qtmaind.lib Qt5Cored.lib Qt5Guid.lib Qt5Widgetsd.lib kernel32.lib user32.lib gdi32.lib winspool.lib comdlg32.lib advapi32.lib shell32.lib ole32.lib oleaut32.lib uuid.lib odbc32.lib odbccp32.lib /MANIFEST /MANIFESTUAC:"level='asInvoker' uiAccess='false'" /manifest:embed /DEBUG /PDB:"G:\Project2016\FootShapeAnalysis\\Debug\FootShapeAnalysis.pdb" /SUBSYSTEM:WINDOWS /TLBID:1 /DYNAMICBASE /NXCOMPAT /IMPLIB:"G:\Project2016\FootShapeAnalysis\\Debug\FootShapeAnalysis.lib" /MACHINE:X86 /SAFESEH Debug\moc_ImgView.obj
         Debug\moc_LogViewer.obj
         Debug\moc_mainwindow.obj
         Debug\qrc_mainwindow.obj
         Debug\main.obj
         Debug\mainwindow.obj
         FootShapeAnalysis.vcxproj -> G:\Project2016\FootShapeAnalysis\\Debug\FootShapeAnalysis.exe
     1>Done Building Project "G:\Project2016\FootShapeAnalysis\FootShapeAnalysis\FootShapeAnalysis.vcxproj" (Build target(s)).

Build succeeded.

Time Elapsed 00:00:07.23
