e:\03. 연구\1. project\2016\바른체형연구소\1. code\15차 _ final\sourcecode_11_08_2016\footshapeanalysis\include\loadcellkalmanfilter.obj
e:\03. 연구\1. project\2016\바른체형연구소\1. code\15차 _ final\sourcecode_11_08_2016\footshapeanalysis\release\generatedfiles\qrc_mainwindow.obj
e:\03. 연구\1. project\2016\바른체형연구소\1. code\15차 _ final\sourcecode_11_08_2016\footshapeanalysis\release\generatedfiles\release\moc_mainwindow.obj
e:\03. 연구\1. project\2016\바른체형연구소\1. code\15차 _ final\sourcecode_11_08_2016\footshapeanalysis\release\generatedfiles\release\moc_logviewer.obj
e:\03. 연구\1. project\2016\바른체형연구소\1. code\15차 _ final\sourcecode_11_08_2016\footshapeanalysis\release\generatedfiles\release\moc_imgview.obj
e:\03. 연구\1. project\2016\바른체형연구소\1. code\15차 _ final\sourcecode_11_08_2016\footshapeanalysis\release\generatedfiles\release\moc_imagescanner.obj
e:\03. 연구\1. project\2016\바른체형연구소\1. code\15차 _ final\sourcecode_11_08_2016\footshapeanalysis\release\generatedfiles\release\moc_ibackgroundworker.obj
e:\03. 연구\1. project\2016\바른체형연구소\1. code\15차 _ final\sourcecode_11_08_2016\footshapeanalysis\release\_twain.obj
e:\03. 연구\1. project\2016\바른체형연구소\1. code\15차 _ final\sourcecode_11_08_2016\footshapeanalysis\release\precomp.obj
e:\03. 연구\1. project\2016\바른체형연구소\1. code\15차 _ final\sourcecode_11_08_2016\footshapeanalysis\release\segment_lib.obj
e:\03. 연구\1. project\2016\바른체형연구소\1. code\15차 _ final\sourcecode_11_08_2016\footshapeanalysis\release\mainwindow.obj
e:\03. 연구\1. project\2016\바른체형연구소\1. code\15차 _ final\sourcecode_11_08_2016\footshapeanalysis\release\main.obj
e:\03. 연구\1. project\2016\바른체형연구소\1. code\15차 _ final\sourcecode_11_08_2016\footshapeanalysis\release\listwebcam.obj
e:\03. 연구\1. project\2016\바른체형연구소\1. code\15차 _ final\sourcecode_11_08_2016\footshapeanalysis\generatedfiles\release\moc_mainwindow.cpp
e:\03. 연구\1. project\2016\바른체형연구소\1. code\15차 _ final\sourcecode_11_08_2016\footshapeanalysis\generatedfiles\ui_mainwindow.h
e:\03. 연구\1. project\2016\바른체형연구소\1. code\15차 _ final\sourcecode_11_08_2016\footshapeanalysis\generatedfiles\release\moc_ibackgroundworker.cpp
e:\03. 연구\1. project\2016\바른체형연구소\1. code\15차 _ final\sourcecode_11_08_2016\footshapeanalysis\generatedfiles\release\moc_imagescanner.cpp
e:\03. 연구\1. project\2016\바른체형연구소\1. code\15차 _ final\sourcecode_11_08_2016\footshapeanalysis\generatedfiles\release\moc_logviewer.cpp
e:\03. 연구\1. project\2016\바른체형연구소\1. code\15차 _ final\sourcecode_11_08_2016\footshapeanalysis\generatedfiles\release\moc_imgview.cpp
e:\03. 연구\1. project\2016\바른체형연구소\1. code\15차 _ final\sourcecode_11_08_2016\footshapeanalysis\generatedfiles\qrc_mainwindow.cpp
e:\03. 연구\1. project\2016\바른체형연구소\1. code\15차 _ final\sourcecode_11_08_2016\win32\release\footshapeanalysis.exe
e:\03. 연구\1. project\2016\바른체형연구소\1. code\15차 _ final\sourcecode_11_08_2016\footshapeanalysis\release\footshapeanalysis1.res
e:\03. 연구\1. project\2016\바른체형연구소\1. code\15차 _ final\sourcecode_11_08_2016\footshapeanalysis\release\footshap.b12702ad.tlog\cl.command.1.tlog
e:\03. 연구\1. project\2016\바른체형연구소\1. code\15차 _ final\sourcecode_11_08_2016\footshapeanalysis\release\footshap.b12702ad.tlog\cl.read.1.tlog
e:\03. 연구\1. project\2016\바른체형연구소\1. code\15차 _ final\sourcecode_11_08_2016\footshapeanalysis\release\footshap.b12702ad.tlog\cl.write.1.tlog
e:\03. 연구\1. project\2016\바른체형연구소\1. code\15차 _ final\sourcecode_11_08_2016\footshapeanalysis\release\footshap.b12702ad.tlog\custombuild.command.1.tlog
e:\03. 연구\1. project\2016\바른체형연구소\1. code\15차 _ final\sourcecode_11_08_2016\footshapeanalysis\release\footshap.b12702ad.tlog\custombuild.read.1.tlog
e:\03. 연구\1. project\2016\바른체형연구소\1. code\15차 _ final\sourcecode_11_08_2016\footshapeanalysis\release\footshap.b12702ad.tlog\custombuild.write.1.tlog
e:\03. 연구\1. project\2016\바른체형연구소\1. code\15차 _ final\sourcecode_11_08_2016\footshapeanalysis\release\footshap.b12702ad.tlog\link.command.1.tlog
e:\03. 연구\1. project\2016\바른체형연구소\1. code\15차 _ final\sourcecode_11_08_2016\footshapeanalysis\release\footshap.b12702ad.tlog\link.read.1.tlog
e:\03. 연구\1. project\2016\바른체형연구소\1. code\15차 _ final\sourcecode_11_08_2016\footshapeanalysis\release\footshap.b12702ad.tlog\link.write.1.tlog
e:\03. 연구\1. project\2016\바른체형연구소\1. code\15차 _ final\sourcecode_11_08_2016\footshapeanalysis\release\footshap.b12702ad.tlog\rc.command.1.tlog
e:\03. 연구\1. project\2016\바른체형연구소\1. code\15차 _ final\sourcecode_11_08_2016\footshapeanalysis\release\footshap.b12702ad.tlog\rc.read.1.tlog
e:\03. 연구\1. project\2016\바른체형연구소\1. code\15차 _ final\sourcecode_11_08_2016\footshapeanalysis\release\footshap.b12702ad.tlog\rc.write.1.tlog
